Using pre-set license
Built from '2020.3/staging' branch; Version is '2020.3.22f1 (e1a7f79fd887) revision 14788599'; Using compiler version '192528614'; Build Type 'Release'
OS: 'Windows 10 Home; OS build 22000.493; Version 2009; 64bit' Language: 'en' Physical Memory: 16229 MB
BatchMode: 1, IsHumanControllingUs: 0, StartBugReporterOnCrash: 0, Is64bit: 1, IsPro: 0

COMMAND LINE ARGUMENTS:
D:\Program Files\Unity\2020.3.22f1\Editor\Unity.exe
-adb2
-batchMode
-noUpm
-name
AssetImportWorker0
-projectPath
D:/Github Repositories/22-Casetta/Casetta-Unity
-logFile
Logs/AssetImportWorker0.log
-srvPort
52179
Successfully changed project path to: D:/Github Repositories/22-Casetta/Casetta-Unity
D:/Github Repositories/22-Casetta/Casetta-Unity
Using Asset Import Pipeline V2.
Refreshing native plugins compatible for Editor in 57.65 ms, found 2 plugins.
Preloading 0 native plugins for Editor in 0.00 ms.
Initialize engine version: 2020.3.22f1 (e1a7f79fd887)
[Subsystems] Discovering subsystems at path D:/Program Files/Unity/2020.3.22f1/Editor/Data/Resources/UnitySubsystems
[Subsystems] Discovering subsystems at path D:/Github Repositories/22-Casetta/Casetta-Unity/Assets
GfxDevice: creating device client; threaded=0
Direct3D:
    Version:  Direct3D 11.0 [level 11.1]
    Renderer: NVIDIA GeForce GTX 1060 (ID=0x1c20)
    Vendor:   
    VRAM:     6052 MB
    Driver:   30.0.15.1179
Initialize mono
Mono path[0] = 'D:/Program Files/Unity/2020.3.22f1/Editor/Data/Managed'
Mono path[1] = 'D:/Program Files/Unity/2020.3.22f1/Editor/Data/MonoBleedingEdge/lib/mono/unityjit'
Mono config path = 'D:/Program Files/Unity/2020.3.22f1/Editor/Data/MonoBleedingEdge/etc'
Using monoOptions --debugger-agent=transport=dt_socket,embedding=1,server=y,suspend=n,address=127.0.0.1:56848
Begin MonoManager ReloadAssembly
Registering precompiled unity dll's ...
Register platform support module: D:/Program Files/Unity/2020.3.22f1/Editor/Data/PlaybackEngines/WindowsStandaloneSupport/UnityEditor.WindowsStandalone.Extensions.dll
Registered in 0.000845 seconds.
Native extension for WindowsStandalone target not found
Refreshing native plugins compatible for Editor in 55.84 ms, found 2 plugins.
Preloading 0 native plugins for Editor in 0.00 ms.
Mono: successfully reloaded assembly
- Completed reload, in  2.056 seconds
Domain Reload Profiling:
	ReloadAssembly (2056ms)
		BeginReloadAssembly (62ms)
			ExecutionOrderSort (0ms)
			DisableScriptedObjects (0ms)
			BackupInstance (0ms)
			ReleaseScriptingObjects (0ms)
			CreateAndSetChildDomain (1ms)
		EndReloadAssembly (444ms)
			LoadAssemblies (62ms)
			RebuildTransferFunctionScriptingTraits (0ms)
			SetupTypeCache (145ms)
			ReleaseScriptCaches (0ms)
			RebuildScriptCaches (31ms)
			SetupLoadedEditorAssemblies (178ms)
				LogAssemblyErrors (0ms)
				InitializePlatformSupportModulesInManaged (3ms)
				SetLoadedEditorAssemblies (0ms)
				RefreshPlugins (56ms)
				BeforeProcessingInitializeOnLoad (16ms)
				ProcessInitializeOnLoadAttributes (76ms)
				ProcessInitializeOnLoadMethodAttributes (26ms)
				AfterProcessingInitializeOnLoad (0ms)
				EditorAssembliesLoaded (0ms)
			ExecutionOrderSort2 (0ms)
			AwakeInstancesAfterBackupRestoration (0ms)
Platform modules already initialized, skipping
Registering precompiled user dll's ...
Registered in 0.004111 seconds.
Begin MonoManager ReloadAssembly
Native extension for WindowsStandalone target not found
Refreshing native plugins compatible for Editor in 55.08 ms, found 2 plugins.
Preloading 0 native plugins for Editor in 0.00 ms.
Mono: successfully reloaded assembly
- Completed reload, in  1.216 seconds
Domain Reload Profiling:
	ReloadAssembly (1217ms)
		BeginReloadAssembly (165ms)
			ExecutionOrderSort (0ms)
			DisableScriptedObjects (5ms)
			BackupInstance (0ms)
			ReleaseScriptingObjects (0ms)
			CreateAndSetChildDomain (18ms)
		EndReloadAssembly (991ms)
			LoadAssemblies (106ms)
			RebuildTransferFunctionScriptingTraits (0ms)
			SetupTypeCache (326ms)
			ReleaseScriptCaches (1ms)
			RebuildScriptCaches (56ms)
			SetupLoadedEditorAssemblies (404ms)
				LogAssemblyErrors (0ms)
				InitializePlatformSupportModulesInManaged (4ms)
				SetLoadedEditorAssemblies (0ms)
				RefreshPlugins (55ms)
				BeforeProcessingInitializeOnLoad (79ms)
				ProcessInitializeOnLoadAttributes (252ms)
				ProcessInitializeOnLoadMethodAttributes (11ms)
				AfterProcessingInitializeOnLoad (2ms)
				EditorAssembliesLoaded (0ms)
			ExecutionOrderSort2 (0ms)
			AwakeInstancesAfterBackupRestoration (6ms)
Platform modules already initialized, skipping
========================================================================
Worker process is ready to serve import requests
Launched and connected shader compiler UnityShaderCompiler.exe after 0.04 seconds
Refreshing native plugins compatible for Editor in 0.62 ms, found 2 plugins.
Preloading 0 native plugins for Editor in 0.00 ms.
Unloading 3252 Unused Serialized files (Serialized files now loaded: 0)
System memory in use before: 144.2 MB.
System memory in use after: 144.4 MB.

Unloading 23 unused Assets to reduce memory usage. Loaded Objects now: 3686.
Total: 4.017700 ms (FindLiveObjects: 0.300000 ms CreateObjectMapping: 0.154800 ms MarkObjects: 3.488900 ms  DeleteObjects: 0.073000 ms)

AssetImportParameters requested are different than current active one (requested -> active):
  custom:framework-win-MediaFoundation: 216162199b28c13a410421893ffa2e32 -> 
  custom:video-decoder-ogg-theora: a1e56fd34408186e4bbccfd4996cb3dc -> 
  custom:container-muxer-webm: aa71ff27fc2769a1b78a27578f13a17b -> 
  custom:container-demuxer-webm: 4f35f7cbe854078d1ac9338744f61a02 -> 
  custom:container-demuxer-ogg: 62fdf1f143b41e24485cea50d1cbac27 -> 
  custom:video-encoder-webm-vp8: eb34c28f22e8b96e1ab97ce403110664 -> 
  custom:video-decoder-webm-vp8: 9c59270c3fd7afecdb556c50c9e8de78 -> 
  custom:audio-decoder-ogg-vorbis: bf7c407c2cedff20999df2af8eb42d56 -> 
  custom:audio-encoder-webm-vorbis: bf7c407c2cedff20999df2af8eb42d56 -> 
========================================================================
Received Import Request.
  path: Assets/URP_Renderer.asset
  artifactKey: Guid(36ae89690eb467446a27a05824fbddfc) Importer(815301076,1909f56bfc062723c751e8b465ee728b)
Start importing Assets/URP_Renderer.asset using Guid(36ae89690eb467446a27a05824fbddfc) Importer(815301076,1909f56bfc062723c751e8b465ee728b)  -> (artifact id: 'd7c218fe5736d859c13f4a7a417f5175') in 0.038030 seconds 
  Import took 0.042452 seconds .

========================================================================
Received Import Request.
  Time since last request: 0.000342 seconds.
  path: Assets/URP.asset
  artifactKey: Guid(98cd9d2c1fe6be8419b19bf84c5c9453) Importer(815301076,1909f56bfc062723c751e8b465ee728b)
Start importing Assets/URP.asset using Guid(98cd9d2c1fe6be8419b19bf84c5c9453) Importer(815301076,1909f56bfc062723c751e8b465ee728b)  -> (artifact id: '859970f0e2ee4ce896b6c023939be543') in 0.002863 seconds 
  Import took 0.006980 seconds .

========================================================================
Received Import Request.
  Time since last request: 0.000298 seconds.
  path: Assets/New Terrain.asset
  artifactKey: Guid(2293e753a024ec447959f3afe54dc0be) Importer(815301076,1909f56bfc062723c751e8b465ee728b)
Start importing Assets/New Terrain.asset using Guid(2293e753a024ec447959f3afe54dc0be) Importer(815301076,1909f56bfc062723c751e8b465ee728b)  -> (artifact id: '0ae534d7417c1c6dbbbb8ce7c2d6b029') in 0.053690 seconds 
  Import took 0.058683 seconds .

========================================================================
Received Import Request.
  Time since last request: 4.599828 seconds.
  path: Assets/Scenes/SampleSceneLightingSettings.lighting
  artifactKey: Guid(477cc4148fad3449482a3bc3178594e2) Importer(815301076,1909f56bfc062723c751e8b465ee728b)
Start importing Assets/Scenes/SampleSceneLightingSettings.lighting using Guid(477cc4148fad3449482a3bc3178594e2) Importer(815301076,1909f56bfc062723c751e8b465ee728b)  -> (artifact id: '11192668b41635be6d51cf592ca4a199') in 0.003853 seconds 
  Import took 0.008303 seconds .

========================================================================
Received Import Request.
  Time since last request: 2.972479 seconds.
  path: Assets/Scenes/SampleScene
  artifactKey: Guid(5ced77654240f92478be4b28725fa233) Importer(815301076,1909f56bfc062723c751e8b465ee728b)
Start importing Assets/Scenes/SampleScene using Guid(5ced77654240f92478be4b28725fa233) Importer(815301076,1909f56bfc062723c751e8b465ee728b)  -> (artifact id: 'aad686883ee5addb564bcd9d6373edd1') in 0.006317 seconds 
  Import took 0.011588 seconds .

========================================================================
Received Import Request.
  Time since last request: 0.098088 seconds.
  path: Assets/Scenes/SampleScene/LightingData.asset
  artifactKey: Guid(44b3fa570ed4b584ab56ee8d81269aeb) Importer(815301076,1909f56bfc062723c751e8b465ee728b)
Start importing Assets/Scenes/SampleScene/LightingData.asset using Guid(44b3fa570ed4b584ab56ee8d81269aeb) Importer(815301076,1909f56bfc062723c751e8b465ee728b)  -> (artifact id: '50eb11b0559269fab1f21fa46aac0432') in 0.002268 seconds 
  Import took 0.006642 seconds .

========================================================================
Received Import Request.
  Time since last request: 0.000384 seconds.
  path: Assets/Scenes/SampleScene/Lightmap-1_comp_dir.png
  artifactKey: Guid(bf5e752484c5e8d4db6e077fe238d275) Importer(815301076,1909f56bfc062723c751e8b465ee728b)
Start importing Assets/Scenes/SampleScene/Lightmap-1_comp_dir.png using Guid(bf5e752484c5e8d4db6e077fe238d275) Importer(815301076,1909f56bfc062723c751e8b465ee728b)  -> (artifact id: '31b23b034a770e4fef0196f20bd84949') in 0.092309 seconds 
  Import took 0.097852 seconds .

========================================================================
Received Import Request.
  Time since last request: 0.000327 seconds.
  path: Assets/Scenes/SampleScene/ReflectionProbe-2.exr
  artifactKey: Guid(8f8e8efb545930448a211c6e8ea59481) Importer(815301076,1909f56bfc062723c751e8b465ee728b)
Start importing Assets/Scenes/SampleScene/ReflectionProbe-2.exr using Guid(8f8e8efb545930448a211c6e8ea59481) Importer(815301076,1909f56bfc062723c751e8b465ee728b)  -> (artifact id: '1b3ba808d19646f3feedc2524f530472') in 0.093129 seconds 
  Import took 0.097518 seconds .

========================================================================
Received Import Request.
  Time since last request: 0.000298 seconds.
  path: Assets/Scenes/SampleScene/Lightmap-0_comp_light.exr
  artifactKey: Guid(b4c14a2794b2e664aaa210e3b333374e) Importer(815301076,1909f56bfc062723c751e8b465ee728b)
Start importing Assets/Scenes/SampleScene/Lightmap-0_comp_light.exr using Guid(b4c14a2794b2e664aaa210e3b333374e) Importer(815301076,1909f56bfc062723c751e8b465ee728b)  -> (artifact id: '8d7539410b8c6babf77cc7ae9b2a7347') in 0.023672 seconds 
  Import took 0.029863 seconds .

========================================================================
Received Import Request.
  Time since last request: 0.000333 seconds.
  path: Assets/Scenes/SampleScene/ReflectionProbe-3.exr
  artifactKey: Guid(362ec472f53ce5e47a208d7bb7af439d) Importer(815301076,1909f56bfc062723c751e8b465ee728b)
Start importing Assets/Scenes/SampleScene/ReflectionProbe-3.exr using Guid(362ec472f53ce5e47a208d7bb7af439d) Importer(815301076,1909f56bfc062723c751e8b465ee728b)  -> (artifact id: '19e9eb60b13d1948315825cc663e1c63') in 0.031650 seconds 
  Import took 0.036243 seconds .

========================================================================
Received Import Request.
  Time since last request: 0.000352 seconds.
  path: Assets/Scenes/SampleScene/ReflectionProbe-6.exr
  artifactKey: Guid(4b6fe571c10eef64c8940d4cf28db6b8) Importer(815301076,1909f56bfc062723c751e8b465ee728b)
Start importing Assets/Scenes/SampleScene/ReflectionProbe-6.exr using Guid(4b6fe571c10eef64c8940d4cf28db6b8) Importer(815301076,1909f56bfc062723c751e8b465ee728b)  -> (artifact id: 'f7b55f19ad50e1a6027e6b2abb87a24f') in 0.014925 seconds 
  Import took 0.020067 seconds .

========================================================================
Received Import Request.
  Time since last request: 0.000277 seconds.
  path: Assets/Scenes/SampleScene/ReflectionProbe-0.exr
  artifactKey: Guid(4ec256a6d5556d14f861602d6247a59a) Importer(815301076,1909f56bfc062723c751e8b465ee728b)
Start importing Assets/Scenes/SampleScene/ReflectionProbe-0.exr using Guid(4ec256a6d5556d14f861602d6247a59a) Importer(815301076,1909f56bfc062723c751e8b465ee728b)  -> (artifact id: 'a25b4a5c9655aef33bde3e26a2e19088') in 0.016941 seconds 
  Import took 0.021579 seconds .

========================================================================
Received Import Request.
  Time since last request: 0.000293 seconds.
  path: Assets/Scenes/SampleScene/ReflectionProbe-4.exr
  artifactKey: Guid(7cc9692d781d56a43a9e410b9af88b30) Importer(815301076,1909f56bfc062723c751e8b465ee728b)
Start importing Assets/Scenes/SampleScene/ReflectionProbe-4.exr using Guid(7cc9692d781d56a43a9e410b9af88b30) Importer(815301076,1909f56bfc062723c751e8b465ee728b)  -> (artifact id: '8f03a15d6a7bda70112a4b7c9ab92b71') in 0.016013 seconds 
  Import took 0.021505 seconds .

========================================================================
Received Import Request.
  Time since last request: 0.000239 seconds.
  path: Assets/Scenes/SampleScene/Lightmap-2_comp_dir.png
  artifactKey: Guid(cc4ffab48f9383348ac3c7fb52b0ae52) Importer(815301076,1909f56bfc062723c751e8b465ee728b)
Start importing Assets/Scenes/SampleScene/Lightmap-2_comp_dir.png using Guid(cc4ffab48f9383348ac3c7fb52b0ae52) Importer(815301076,1909f56bfc062723c751e8b465ee728b)  -> (artifact id: '776a8eee84b58e6b7213f7c48414d555') in 0.008369 seconds 
  Import took 0.013781 seconds .

========================================================================
Received Import Request.
  Time since last request: 0.000435 seconds.
  path: Assets/Scenes/SampleScene/ReflectionProbe-7.exr
  artifactKey: Guid(fdfe319e94d371048bdca642f9d62eab) Importer(815301076,1909f56bfc062723c751e8b465ee728b)
Start importing Assets/Scenes/SampleScene/ReflectionProbe-7.exr using Guid(fdfe319e94d371048bdca642f9d62eab) Importer(815301076,1909f56bfc062723c751e8b465ee728b)  -> (artifact id: '31a22ae3cc626df67765e431b0f7f1dc') in 0.035780 seconds 
  Import took 0.042117 seconds .

========================================================================
Received Import Request.
  Time since last request: 0.000302 seconds.
  path: Assets/Scenes/SampleScene/ReflectionProbe-1.exr
  artifactKey: Guid(11d8186be48e04f4cb3aa63a9763c678) Importer(815301076,1909f56bfc062723c751e8b465ee728b)
Start importing Assets/Scenes/SampleScene/ReflectionProbe-1.exr using Guid(11d8186be48e04f4cb3aa63a9763c678) Importer(815301076,1909f56bfc062723c751e8b465ee728b)  -> (artifact id: '7d853543b649996db8f6031cd18044f0') in 0.031534 seconds 
  Import took 0.035836 seconds .

========================================================================
Received Import Request.
  Time since last request: 0.000306 seconds.
  path: Assets/Scenes/SampleScene/Lightmap-0_comp_dir.png
  artifactKey: Guid(18702dc4ebe828542938cac2cfcd4b06) Importer(815301076,1909f56bfc062723c751e8b465ee728b)
Start importing Assets/Scenes/SampleScene/Lightmap-0_comp_dir.png using Guid(18702dc4ebe828542938cac2cfcd4b06) Importer(815301076,1909f56bfc062723c751e8b465ee728b)  -> (artifact id: '5a79f726e6eff27849f277126e117950') in 0.021492 seconds 
  Import took 0.027110 seconds .

========================================================================
Received Import Request.
  Time since last request: 0.000544 seconds.
  path: Assets/Scenes/SampleScene/Lightmap-1_comp_light.exr
  artifactKey: Guid(62c55ffa2136d644f9043a3e53b1fa13) Importer(815301076,1909f56bfc062723c751e8b465ee728b)
Start importing Assets/Scenes/SampleScene/Lightmap-1_comp_light.exr using Guid(62c55ffa2136d644f9043a3e53b1fa13) Importer(815301076,1909f56bfc062723c751e8b465ee728b)  -> (artifact id: '2eb8bc8ed642de9d985cf83213798678') in 0.022913 seconds 
  Import took 0.029301 seconds .

========================================================================
Received Import Request.
  Time since last request: 0.000318 seconds.
  path: Assets/Scenes/SampleScene/Lightmap-2_comp_light.exr
  artifactKey: Guid(75ed5e3c321200845a7531973d0aa66b) Importer(815301076,1909f56bfc062723c751e8b465ee728b)
Start importing Assets/Scenes/SampleScene/Lightmap-2_comp_light.exr using Guid(75ed5e3c321200845a7531973d0aa66b) Importer(815301076,1909f56bfc062723c751e8b465ee728b)  -> (artifact id: '898db11469ec2aca2fa48eb6a634a9fb') in 0.007159 seconds 
  Import took 0.012431 seconds .

========================================================================
Received Import Request.
  Time since last request: 0.000309 seconds.
  path: Assets/Scenes/SampleScene/ReflectionProbe-5.exr
  artifactKey: Guid(4c672f38ded75fe4cae0ed9dbb144679) Importer(815301076,1909f56bfc062723c751e8b465ee728b)
Start importing Assets/Scenes/SampleScene/ReflectionProbe-5.exr using Guid(4c672f38ded75fe4cae0ed9dbb144679) Importer(815301076,1909f56bfc062723c751e8b465ee728b)  -> (artifact id: 'c64d8957d14f0ac7d07cb8909c3fc6e4') in 0.016407 seconds 
  Import took 0.021259 seconds .

========================================================================
Received Import Request.
  Time since last request: 0.000295 seconds.
  path: Assets/Scenes/SampleScene/OcclusionCullingData.asset
  artifactKey: Guid(65a71049893628e40b76b2a8ff139362) Importer(815301076,1909f56bfc062723c751e8b465ee728b)
Start importing Assets/Scenes/SampleScene/OcclusionCullingData.asset using Guid(65a71049893628e40b76b2a8ff139362) Importer(815301076,1909f56bfc062723c751e8b465ee728b)  -> (artifact id: '61a9c1301b0feab5f65111d6161e647e') in 0.020819 seconds 
  Import took 0.027364 seconds .

========================================================================
Received Import Request.
  Time since last request: 5.391329 seconds.
  path: Assets/22-2
  artifactKey: Guid(e5f994a13ace3cc4e88d4bee4efdc31e) Importer(815301076,1909f56bfc062723c751e8b465ee728b)
Start importing Assets/22-2 using Guid(e5f994a13ace3cc4e88d4bee4efdc31e) Importer(815301076,1909f56bfc062723c751e8b465ee728b)  -> (artifact id: '53285823b1c35208204bda34dd3db08f') in 0.002051 seconds 
  Import took 0.007621 seconds .

========================================================================
Received Import Request.
  Time since last request: 0.594514 seconds.
  path: Assets/22-2/22-2 FBX
  artifactKey: Guid(ea7e35109f4157b44a5ddaaa68086146) Importer(815301076,1909f56bfc062723c751e8b465ee728b)
Start importing Assets/22-2/22-2 FBX using Guid(ea7e35109f4157b44a5ddaaa68086146) Importer(815301076,1909f56bfc062723c751e8b465ee728b)  -> (artifact id: '85318fca85d4efe4fe92761bc7b69017') in 0.006523 seconds 
  Import took 0.012163 seconds .

========================================================================
Received Import Request.
  Time since last request: 33.427754 seconds.
  path: Assets/22-2/22-2 FBX/1-Brise.FBX
  artifactKey: Guid(1f56e5ec1b24b9143bac34d987d07ff2) Importer(815301076,1909f56bfc062723c751e8b465ee728b)
Start importing Assets/22-2/22-2 FBX/1-Brise.FBX using Guid(1f56e5ec1b24b9143bac34d987d07ff2) Importer(815301076,1909f56bfc062723c751e8b465ee728b)  -> (artifact id: '1792c036fda5f0ddcaf324e2b640e4a4') in 0.859170 seconds 
  Import took 0.863919 seconds .

========================================================================
Received Import Request.
  Time since last request: 0.000344 seconds.
  path: Assets/22-2/22-2 FBX/1-Ceiling.FBX
  artifactKey: Guid(741700b83e1b1574680e50da6ef549e9) Importer(815301076,1909f56bfc062723c751e8b465ee728b)
Start importing Assets/22-2/22-2 FBX/1-Ceiling.FBX using Guid(741700b83e1b1574680e50da6ef549e9) Importer(815301076,1909f56bfc062723c751e8b465ee728b)  -> (artifact id: 'baedc1a92fb519c6f66c267898683e6e') in 0.021871 seconds 
  Import took 0.026459 seconds .

========================================================================
Received Import Request.
  Time since last request: 0.000340 seconds.
  path: Assets/22-2/22-2 FBX/1-Door.FBX
  artifactKey: Guid(5c5e13fd0e98716408d763ce20189126) Importer(815301076,1909f56bfc062723c751e8b465ee728b)
Start importing Assets/22-2/22-2 FBX/1-Door.FBX using Guid(5c5e13fd0e98716408d763ce20189126) Importer(815301076,1909f56bfc062723c751e8b465ee728b)  -> (artifact id: '64495fef213b4fd5e6f9a210afd7481e') in 1.057368 seconds 
  Import took 1.062955 seconds .

========================================================================
Received Import Request.
  Time since last request: 0.000290 seconds.
  path: Assets/22-2/22-2 FBX/1-InsideFloor.FBX
  artifactKey: Guid(7391b5674fd3dff44bc8ead71b7c31ad) Importer(815301076,1909f56bfc062723c751e8b465ee728b)
Start importing Assets/22-2/22-2 FBX/1-InsideFloor.FBX using Guid(7391b5674fd3dff44bc8ead71b7c31ad) Importer(815301076,1909f56bfc062723c751e8b465ee728b)  -> (artifact id: 'ea57d4ccfbef9e4d84949ceed37bc2d1') in 0.021426 seconds 
  Import took 0.026296 seconds .

========================================================================
Received Import Request.
  Time since last request: 0.000242 seconds.
  path: Assets/22-2/22-2 FBX/1-Veranda.FBX
  artifactKey: Guid(e7743e6874f1b094196cd3f37f5ec164) Importer(815301076,1909f56bfc062723c751e8b465ee728b)
Start importing Assets/22-2/22-2 FBX/1-Veranda.FBX using Guid(e7743e6874f1b094196cd3f37f5ec164) Importer(815301076,1909f56bfc062723c751e8b465ee728b)  -> (artifact id: 'ad4cea1cc594296d84ac38b6520fc64a') in 0.721346 seconds 
  Import took 0.726595 seconds .

========================================================================
Received Import Request.
  Time since last request: 0.000282 seconds.
  path: Assets/22-2/22-2 FBX/1-Windows.FBX
  artifactKey: Guid(9b5b4ca1b3f32094f8616bdc43a21cad) Importer(815301076,1909f56bfc062723c751e8b465ee728b)
Start importing Assets/22-2/22-2 FBX/1-Windows.FBX using Guid(9b5b4ca1b3f32094f8616bdc43a21cad) Importer(815301076,1909f56bfc062723c751e8b465ee728b)  -> (artifact id: 'eb2c78df5a31c5fd18bd7eb1a9541e87') in 0.249926 seconds 
  Import took 0.254696 seconds .

========================================================================
Received Import Request.
  Time since last request: 0.000289 seconds.
  path: Assets/22-2/22-2 FBX/1-OutsideFloor.FBX
  artifactKey: Guid(14ee396ae78a61f478511a31f8a50bc9) Importer(815301076,1909f56bfc062723c751e8b465ee728b)
Start importing Assets/22-2/22-2 FBX/1-OutsideFloor.FBX using Guid(14ee396ae78a61f478511a31f8a50bc9) Importer(815301076,1909f56bfc062723c751e8b465ee728b)  -> (artifact id: 'f802b1a837146b9d19171f4ed3a4c7e2') in 0.017229 seconds 
  Import took 0.022118 seconds .

========================================================================
Received Import Request.
  Time since last request: 0.000480 seconds.
  path: Assets/22-2/22-2 FBX/1-InteriorBrise.FBX
  artifactKey: Guid(9d398bbe160d01841a9e955742e3f331) Importer(815301076,1909f56bfc062723c751e8b465ee728b)
Start importing Assets/22-2/22-2 FBX/1-InteriorBrise.FBX using Guid(9d398bbe160d01841a9e955742e3f331) Importer(815301076,1909f56bfc062723c751e8b465ee728b)  -> (artifact id: '3866d4657e2514b97b24a14f802a7055') in 0.350973 seconds 
  Import took 0.356602 seconds .

========================================================================
Received Import Request.
  Time since last request: 0.000306 seconds.
  path: Assets/22-2/22-2 FBX/1-Stairs.FBX
  artifactKey: Guid(cb22e793f4540a74da8bdebd860a8916) Importer(815301076,1909f56bfc062723c751e8b465ee728b)
Start importing Assets/22-2/22-2 FBX/1-Stairs.FBX using Guid(cb22e793f4540a74da8bdebd860a8916) Importer(815301076,1909f56bfc062723c751e8b465ee728b)  -> (artifact id: '0118eebf69839e003ece51bb8ec7c002') in 0.015169 seconds 
  Import took 0.020112 seconds .

========================================================================
Received Import Request.
  Time since last request: 0.000292 seconds.
  path: Assets/22-2/22-2 FBX/1-Furniture.FBX
  artifactKey: Guid(d977d24156a3f3842a51acb3404e598b) Importer(815301076,1909f56bfc062723c751e8b465ee728b)
Start importing Assets/22-2/22-2 FBX/1-Furniture.FBX using Guid(d977d24156a3f3842a51acb3404e598b) Importer(815301076,1909f56bfc062723c751e8b465ee728b)  -> (artifact id: '63cd8c3e2d73a507767d764ab47a3576') in 0.217570 seconds 
  Import took 0.222624 seconds .

========================================================================
Received Import Request.
  Time since last request: 0.000264 seconds.
  path: Assets/22-2/22-2 FBX/1-MainWalls.FBX
  artifactKey: Guid(097fbf3dddaba414eb648c2345675e25) Importer(815301076,1909f56bfc062723c751e8b465ee728b)
Start importing Assets/22-2/22-2 FBX/1-MainWalls.FBX using Guid(097fbf3dddaba414eb648c2345675e25) Importer(815301076,1909f56bfc062723c751e8b465ee728b)  -> (artifact id: 'f4862aced4dcc02600ca302a321279da') in 0.077659 seconds 
  Import took 0.082428 seconds .

========================================================================
Received Import Request.
  Time since last request: 0.000294 seconds.
  path: Assets/22-2/22-2 FBX/1-IntonacoInterno.FBX
  artifactKey: Guid(0ee8a29d527c8044aa2c1c8d81b0005b) Importer(815301076,1909f56bfc062723c751e8b465ee728b)
Start importing Assets/22-2/22-2 FBX/1-IntonacoInterno.FBX using Guid(0ee8a29d527c8044aa2c1c8d81b0005b) Importer(815301076,1909f56bfc062723c751e8b465ee728b)  -> (artifact id: '8d0c5966ddc85c62227fc2356a38dc3e') in 0.081772 seconds 
  Import took 0.086324 seconds .

========================================================================
Received Import Request.
  Time since last request: 0.000302 seconds.
  path: Assets/22-2/22-2 FBX/1-Tetto.FBX
  artifactKey: Guid(fff074a18fb2669418df91e461c331c6) Importer(815301076,1909f56bfc062723c751e8b465ee728b)
Start importing Assets/22-2/22-2 FBX/1-Tetto.FBX using Guid(fff074a18fb2669418df91e461c331c6) Importer(815301076,1909f56bfc062723c751e8b465ee728b)  -> (artifact id: '311f15584fb4b17a43a048814465a984') in 0.041027 seconds 
  Import took 0.045563 seconds .

========================================================================
Received Import Request.
  Time since last request: 3.635743 seconds.
  path: Assets/22-2/22-2 Materials
  artifactKey: Guid(81b2be51aa4855147864490b434ac6be) Importer(815301076,1909f56bfc062723c751e8b465ee728b)
Start importing Assets/22-2/22-2 Materials using Guid(81b2be51aa4855147864490b434ac6be) Importer(815301076,1909f56bfc062723c751e8b465ee728b)  -> (artifact id: 'c203f75ef367d84d1653ce8bbe4c2735') in 0.001957 seconds 
  Import took 0.008639 seconds .

========================================================================
Received Import Request.
  Time since last request: 12.271058 seconds.
  path: Assets/Presets
  artifactKey: Guid(558255460b74ec04fa70b5570e9327bd) Importer(815301076,1909f56bfc062723c751e8b465ee728b)
Start importing Assets/Presets using Guid(558255460b74ec04fa70b5570e9327bd) Importer(815301076,1909f56bfc062723c751e8b465ee728b)  -> (artifact id: 'e1966229f3d7993f283b578bcf544b58') in 0.003917 seconds 
  Import took 0.010077 seconds .

========================================================================
Received Import Request.
  Time since last request: 282.838652 seconds.
  path: Assets/Scenes/SampleScene.unity
  artifactKey: Guid(d1c3109bdb54ad54c8a2b2838528e640) Importer(815301076,1909f56bfc062723c751e8b465ee728b)
Start importing Assets/Scenes/SampleScene.unity using Guid(d1c3109bdb54ad54c8a2b2838528e640) Importer(815301076,1909f56bfc062723c751e8b465ee728b)  -> (artifact id: '5b686082f06fd7bf8d651cd9c32e7ebd') in 0.002855 seconds 
  Import took 0.008908 seconds .

AssetImportWorkerClient::OnTransportError - code=2 error=End of file
